<?xml version="1.0" encoding="UTF-8"?>
<robot generator="Robot 4.1.3 (Python 3.10.0 on win32)" generated="20220216 16:25:10.827" rpa="false" schemaversion="2">
<suite id="s1" name="Test Script01" source="D:\manat1981\xie-shi-wen-web\test_script01.txt">
<test id="s1-t1" name="SearchCase01">
<kw name="เปิดเว็บ google.com">
<kw name="Open Browser" library="Selenium2Library">
<arg>${url}</arg>
<arg>${browser}</arg>
<doc>Opens a new browser instance to the optional ``url``.</doc>
<msg timestamp="20220216 16:25:11.330" level="INFO">Opening browser 'chrome' to base url 'https://google.com/'.</msg>
<status status="PASS" starttime="20220216 16:25:11.329" endtime="20220216 16:25:16.900"/>
</kw>
<status status="PASS" starttime="20220216 16:25:11.329" endtime="20220216 16:25:16.900"/>
</kw>
<kw name="ค้นหาตาม keywords">
<arg>${search_wording}</arg>
<kw name="Input Text" library="Selenium2Library">
<arg>name=q</arg>
<arg>${input_result}</arg>
<doc>Types the given ``text`` into the text field identified by ``locator``.</doc>
<msg timestamp="20220216 16:25:16.903" level="INFO">Typing text 'heroku' into text field 'name=q'.</msg>
<status status="PASS" starttime="20220216 16:25:16.902" endtime="20220216 16:25:17.045"/>
</kw>
<kw name="Submit Form" library="Selenium2Library">
<doc>Submits a form identified by ``locator``.</doc>
<msg timestamp="20220216 16:25:17.046" level="INFO">Submitting form 'None'.</msg>
<status status="PASS" starttime="20220216 16:25:17.045" endtime="20220216 16:25:21.153"/>
</kw>
<status status="PASS" starttime="20220216 16:25:16.901" endtime="20220216 16:25:21.153"/>
</kw>
<kw name="รอผลลัพธ์">
<arg>${search_wording}</arg>
<kw name="Wait Until Page Contains" library="Selenium2Library">
<arg>${expected_result}</arg>
<doc>Waits until ``text`` appears on the current page.</doc>
<status status="PASS" starttime="20220216 16:25:21.155" endtime="20220216 16:25:21.189"/>
</kw>
<status status="PASS" starttime="20220216 16:25:21.154" endtime="20220216 16:25:21.190"/>
</kw>
<status status="PASS" starttime="20220216 16:25:11.328" endtime="20220216 16:25:21.191"/>
</test>
<status status="PASS" starttime="20220216 16:25:10.830" endtime="20220216 16:25:21.194"/>
</suite>
<statistics>
<total>
<stat pass="1" fail="0" skip="0">All Tests</stat>
</total>
<tag>
</tag>
<suite>
<stat pass="1" fail="0" skip="0" id="s1" name="Test Script01">Test Script01</stat>
</suite>
</statistics>
<errors>
</errors>
</robot>
